2025-05-02 09:59:50,614 - INFO - url: http://rihou.cc:567/gggg.nzk 获取成功，判断为txt格式
2025-05-02 09:59:50,632 - INFO - url: http://rihou.cc:567/gggg.nzk 爬取成功✅，包含频道分类: 中超粤评, 英超粤评, 赛事咪咕, 赛事专壳, 欣赏频道, 央卫河南, 央卫郑州, 央卫专壳, 特区专壳, 闽南专壳, 特区频道, 特闽频道, 特区酒店, 特闽酒店, 特闽酒备, 闽南频限, 闽南频道, 特新斯特, 特波珠海, 新剧追更, 哪吒修复, 龙珠剧粤, 粤语动漫, 央卫斯特, 特区斯特, 闽南斯特, 粤港澳闽, 赛事频陆, 央卫频陆, 特区频陆, 闽南频陆, 童年频道, 抖音电台, 广东频道, 足球粤评, 篮球粤评, 大时代粤, 流星花园, 还珠格格, 大地恩情, 粤经典剧, 射雕英雄, 神雕侠侣, 视觉效果, 动感舞曲, 红歌音乐, 蛇年电影, 梅州移动, 北京联通, 山东移动, 山东联通, 天津联通, 重庆联通, 上海电信, 浙江电信, 广西电信, 四川电信, 新闻频陆, 跑马频陆, 电影频陆, 儿童频陆, 知识频陆, 新坡频陆, 马亚频陆, 印度频陆, 加大频陆, 日本频陆, 韩国频陆, 美国频陆
2025-05-02 09:59:52,149 - INFO - url: https://gh.tryxd.cn/https://raw.githubusercontent.com/alantang1977/JunTV/main/output/user_result.txt 获取成功，判断为txt格式
2025-05-02 09:59:52,153 - INFO - url: https://gh.tryxd.cn/https://raw.githubusercontent.com/alantang1977/JunTV/main/output/user_result.txt 爬取成功✅，包含频道分类: 🕘️更新时间, 🍄广东频道🏡, 🍓央视频道🏡, 🐧卫视频道🏡, 🦄️港·澳·台🔢, 🅱台湾HAMI(TW)🥝, 📚浙江频道🏡, 📚北京频道🏡, 📚上海频道🏡, 📚重庆频道🏡, 📚江苏频道🏡, 📚辽宁频道🏡, 📚湖南频道🏡, 📚湖北频道🏡, 📚广西频道🏡, 📚天津频道🏡, 📚四川频道🏡, 📚陕西频道🏡, 📚福建频道🏡, 📚海南频道🏡, 📚河南频道🏡, 📚河北频道🏡, 📚贵州频道🏡, 📚甘肃频道🏡, 📚新疆频道🏡, 📚山东频道🏡, 📚山西频道🏡, 📚安徽频道🏡, 📚宁夏频道🏡, 📚吉林频道🏡, 📚内蒙古频道🏡, 📚云南频道🏡, 📚青海频道🏡, 📚黑龙江频道🏡, 🎬电影频道🏡, 💰央视付费频道🏡, 🎥咪咕直播👀, 🏀体育频道🏡, 📚动画频道🏡, 🎵音乐频道🏡, 🏛经典剧场
2025-05-02 09:59:54,503 - INFO - url: https://gh.tryxd.cn/https://raw.githubusercontent.com/alantang1977/IPTV/main/live_ipv4.txt 获取成功，判断为txt格式
2025-05-02 09:59:54,638 - INFO - url: https://gh.tryxd.cn/https://raw.githubusercontent.com/alantang1977/IPTV/main/live_ipv4.txt 爬取成功✅，包含频道分类: 更新日期, 广东频道, 大湾区频道, 央视频道, 卫视频道, 少儿频道, 影视频道
2025-05-02 09:59:55,754 - ERROR - url: https://gh.tryxd.cn/https://raw.githubusercontent.com/kimwang1978/collect-tv-txt/main/merged_output.txthttps://jihulab.com/ss3234741/sj/-/raw/08d403ffdae978471cd3204a1d89a64781447b4c/lib/tzlink.php 爬取失败❌, Error: 404 Client Error: NOT FOUND for url: https://gh.tryxd.cn/https://raw.githubusercontent.com/kimwang1978/collect-tv-txt/main/merged_output.txthttps://jihulab.com/ss3234741/sj/-/raw/08d403ffdae978471cd3204a1d89a64781447b4c/lib/tzlink.php
2025-05-02 09:59:56,385 - INFO - url: https://live.zbds.top/tv/iptv6.txt 获取成功，判断为txt格式
2025-05-02 09:59:56,385 - INFO - url: https://live.zbds.top/tv/iptv6.txt 爬取成功✅，包含频道分类: 央视频道, 卫视频道, 电影频道, 地方频道, 体育频道, 其他频道, 更新时间
2025-05-02 09:59:57,179 - INFO - url: https://live.zbds.top/tv/iptv4.txt 获取成功，判断为txt格式
2025-05-02 09:59:57,184 - INFO - url: https://live.zbds.top/tv/iptv4.txt 爬取成功✅，包含频道分类: 央视频道, 卫视频道, 电影频道, 数字频道, 儿童频道, 地方频道, 综艺频道, 纪录频道, 体育频道, 解说频道, 游戏频道, 音乐频道, 戏曲频道, 春晚频道, 直播中国, 更新时间
2025-05-02 09:59:58,394 - INFO - url: http://live.nctv.top/xj.txt 获取成功，判断为txt格式
2025-05-02 09:59:58,397 - INFO - url: http://live.nctv.top/xj.txt 爬取成功✅，包含频道分类: 📡  江西频道, 🇨🇳虎牙直播, 🇨🇳斗鱼直播, 🇨🇳电视剧轮播, 🇨🇳 YY频道, 🇨🇳埋堆堆（港剧）, 🇨🇳 NewTV, 📡  香港频道, 📡  新闻频道p2p
2025-05-02 09:59:58,594 - INFO - url: http://aktv.space/live.m3u 获取成功，判断为m3u格式
2025-05-02 09:59:59,912 - INFO - url: https://gh.tryxd.cn/https://raw.githubusercontent.com/alantang1977/JunTV/refs/heads/main/output/result.txt 获取成功，判断为txt格式
2025-05-02 09:59:59,915 - INFO - url: https://gh.tryxd.cn/https://raw.githubusercontent.com/alantang1977/JunTV/refs/heads/main/output/result.txt 爬取成功✅，包含频道分类: 🕘️更新时间, 📺央视频道, 💰央视付费频道, 📡卫视频道, ☘️广东频道, ☘️浙江频道, ☘️北京频道, ☘️上海频道, ☘️重庆频道, ☘️江苏频道, ☘️辽宁频道, ☘️湖南频道, ☘️湖北频道, ☘️广西频道, ☘️天津频道, ☘️四川频道, ☘️陕西频道, ☘️福建频道, ☘️海南频道, ☘️河南频道, ☘️河北频道, ☘️贵州频道, ☘️甘肃频道, ☘️新疆频道, ☘️山东频道, ☘️山西频道, ☘️安徽频道, ☘️宁夏频道, ☘️吉林频道, ☘️内蒙古频道, ☘️云南频道, ☘️青海频道, ☘️黑龙江频道, 🌊港·澳·台, 🎬电影频道, 🎥咪咕直播, 🏀体育频道, 🪁动画频道, 🎮游戏频道, 🎵音乐频道, 🏛经典剧场
2025-05-02 10:00:01,045 - INFO - url: https://gh.tryxd.cn/https://raw.githubusercontent.com/ssili126/tv/main/itvlist.m3u 获取成功，判断为m3u格式
2025-05-02 10:00:01,046 - INFO - url: https://gh.tryxd.cn/https://raw.githubusercontent.com/ssili126/tv/main/itvlist.m3u 爬取成功✅，包含频道分类: 央视频道, 卫视频道, 其他频道
2025-05-02 10:00:01,837 - INFO - url: https://live.zbds.top/tv/iptv4.txt 获取成功，判断为txt格式
2025-05-02 10:00:01,842 - INFO - url: https://live.zbds.top/tv/iptv4.txt 爬取成功✅，包含频道分类: 央视频道, 卫视频道, 电影频道, 数字频道, 儿童频道, 地方频道, 综艺频道, 纪录频道, 体育频道, 解说频道, 游戏频道, 音乐频道, 戏曲频道, 春晚频道, 直播中国, 更新时间
2025-05-02 10:00:03,403 - INFO - url: https://gitee.com/xxy002/zhiboyuan/raw/master/dsy 获取成功，判断为txt格式
2025-05-02 10:00:03,403 - INFO - url: https://gitee.com/xxy002/zhiboyuan/raw/master/dsy 爬取成功✅，包含频道分类: 央视频道, 卫视频道, 港澳台
2025-05-02 10:00:05,877 - ERROR - url: https://gh.tryxd.cn/https://raw.githubusercontent.com/big-mouth-cn/tv/main/iptv-ok.m3u 爬取失败❌, Error: 429 Client Error: TOO MANY REQUESTS for url: https://gh.tryxd.cn/https://raw.githubusercontent.com/big-mouth-cn/tv/main/iptv-ok.m3u
2025-05-02 10:00:06,797 - INFO - url: https://codeberg.org/alfredisme/mytvsources/raw/branch/main/mylist-ipv6.m3u 获取成功，判断为m3u格式
2025-05-02 10:00:06,798 - INFO - url: https://codeberg.org/alfredisme/mytvsources/raw/branch/main/mylist-ipv6.m3u 爬取成功✅，包含频道分类: 央视频道, 卫视, China" tvg-id="凤凰资讯" tvg-logo="https://live.fanmingming.cn/tv/fenghuangzixun.png" group-title="港澳台频道, China" tvg-id="凤凰中文" tvg-logo="https://live.fanmingming.cn/tv/fenghuangzhongwen.png" group-title="港澳台频道, 港澳台频道, 电影, 卫视频道, 港澳台频道" tvg-logo="https://gitee.com/ez2c4u/iptv/raw/master/logo/寰宇新闻台.png" group-title="港澳台频道, 国际新闻, 国际新闻" tvg-logo="https://gitee.com/ez2c4u/iptv/raw/master/logo/ChannelAsia.png" group-title="国际新闻, 国际新闻" tvg-logo="https://live.fanmingming.cn/tv/CNN.png" group-title="国际新闻, 国际新闻" tvg-logo="https://gitee.com/ez2c4u/iptv/raw/master/logo/SkyNews.png" group-title="国际新闻, 国际新闻" tvg-logo="https://gitee.com/ez2c4u/iptv/raw/master/logo/BloombergTV.png" group-title="国际新闻, 国际新闻" tvg-logo="https://gitee.com/ez2c4u/iptv/raw/master/logo/环球电视台.png, 国际新闻" tvg-logo="https://gitee.com/ez2c4u/iptv/raw/master/logo/澳亚卫视.png, 纪录探索, 纪录探索" tvg-logo="https://gitee.com/ez2c4u/iptv/raw/master/logo/BBCEarth.png, Hong Kong" tvg-logo="https://codeberg.org/alfredisme/TVLogo/raw/branch/main/PetClubTV.png" tvg-id="萌宠" group-title="萌宠, 萌宠, 娱乐" tvg-logo="https://gitee.com/ez2c4u/iptv/raw/master/logo/MTV.png, 娱乐, 时尚, 体育频道, 北京频道, 上海频道, 数字频道, 港澳台AKTV, 电影频道, 优质个源, 地方频道, 纪录频道
2025-05-02 10:00:08,565 - INFO - url: https://gh.tryxd.cn/https://raw.githubusercontent.com/lalifeier/IPTV/main/m3u/IPTV.m3u 获取成功，判断为m3u格式
2025-05-02 10:00:08,586 - INFO - url: https://gh.tryxd.cn/https://raw.githubusercontent.com/lalifeier/IPTV/main/m3u/IPTV.m3u 爬取成功✅，包含频道分类: 4K-8K, 央视, 央视付费, 卫视, 数字高清, NewTV, 求索 & iHOT, 电影, 体育, 游戏赛事, 咪咕直播, 埋堆堆, 斗鱼轮播, 虎牙轮播, YY轮播, AKTV, 香港, 灣灣, 灣灣专线, YouTube「台湾新聞」, YouTube「国际新聞」, YouTube「台灣財經」, YouTube「台湾國會」, YouTube「台灣政論」, YouTube「綜藝」, YouTube「電影」, YouTube「電視劇」, YouTube「美食」, YouTube「旅遊/文化」, YouTube「兒童」, YouTube「音樂」, YouTube「體育」, YouTube「中國大陸」, YouTube「宗教」, YouTube「購物」, YouTube「即時影像」, YouTube「紀錄片」, YouTube「其他」, YouTube「代理」, 北京, 上海, 广东, 浙江, 江苏, 湖南, 安徽, 湖北, 江西, 河南, 河北, 云南, 贵州, 山西, 海南, 青海, 广西, 陕西, 甘肃, 宁夏, 吉林, 黑龙江, 内蒙古, 新疆, 韩国, 日本, 全国景区直播, 熊猫, 纪录片, 历年春晚, 广播, 境外广播, 电视伴音, 少儿动画, 动物世界, 愚公移山, 宇宙护卫, 巨兵长城, 小魔仙剧, 汪汪队长, 猪猪侠, 熊熊乐园, 「斗鱼」一起看, 「斗鱼」星秀, 「斗鱼」颜值, 「斗鱼」音乐, 「斗鱼」户外, 「虎牙」星秀, 「虎牙」一起看, 「虎牙」户外, 「虎牙」颜值, 「YY」一起看, 「抖音」推荐, 「抖音」娱乐, 「抖音」舞蹈, 「抖音」音乐, 「抖音」时尚, 「AfreecaTV」星秀, 「PandaTV」娱乐, 「FlexTV」娱乐, 「Twitch」星秀
2025-05-02 10:00:10,479 - INFO - url: https://gh.tryxd.cn/https://raw.githubusercontent.com/wwb521/live/main/tv.m3u 获取成功，判断为m3u格式
2025-05-02 10:00:10,511 - INFO - url: https://gh.tryxd.cn/https://raw.githubusercontent.com/wwb521/live/main/tv.m3u 爬取成功✅，包含频道分类: 央视频道, 卫视频道, 新闻频道, 未分组, 省级频道, 山西地区, 少儿频道, 影视频道, 北京地区, DJ舞曲, 历届春晚, 4K频道, 体育频道, 明星频道, 海外频道, NewTV, iHOT, 咪咕频道
2025-05-02 10:00:11,458 - INFO - url: https://gh.tryxd.cn/https://raw.githubusercontent.com/asdjkl6/tv/tv/.m3u/整套直播源/测试/整套直播源/l.txt 获取成功，判断为txt格式
2025-05-02 10:00:11,460 - INFO - url: https://gh.tryxd.cn/https://raw.githubusercontent.com/asdjkl6/tv/tv/.m3u/整套直播源/测试/整套直播源/l.txt 爬取成功✅，包含频道分类: 💥 央视, 💥 卫视, 💥 浙江, 💥 体育, 💥 ip.tv, 💥 Y//Y, 💥 斗鱼, 💥 虎牙, 💥 iH.ot, 💥 数字, 💥 港闽
2025-05-02 10:00:12,601 - INFO - url: https://gh.tryxd.cn/https://raw.githubusercontent.com/asdjkl6/tv/tv/.m3u/整套直播源/测试/整套直播源/kk.txt 获取成功，判断为txt格式
2025-05-02 10:00:12,603 - INFO - url: https://gh.tryxd.cn/https://raw.githubusercontent.com/asdjkl6/tv/tv/.m3u/整套直播源/测试/整套直播源/kk.txt 爬取成功✅，包含频道分类: 🇨🇳 低调, 🇨🇳 央视, 🇨🇳 卫视, 🇨🇳 NEWTV, 🇨🇳 IHOT, 🇨🇳 咪咕, 🇨🇳 Y Y, 🇨🇳 剧场, 🇨🇳 体育, 🇨🇳 埋堆, 🇨🇳 斗鱼, 虎牙, 🇨🇳 港台, 🇨🇳 D J
2025-05-02 10:00:13,729 - INFO - url: https://gh.tryxd.cn/https://raw.githubusercontent.com/suxuang/myIPTV/main/ipv6.m3u 获取成功，判断为m3u格式
2025-05-02 10:00:13,731 - INFO - url: https://gh.tryxd.cn/https://raw.githubusercontent.com/suxuang/myIPTV/main/ipv6.m3u 爬取成功✅，包含频道分类: 央视频道, 备用频道, 卫视频道, 央卫备用, 数字频道, 港澳台频道, 港澳台AKTV, 动画频道, IHOT频道, NewTV频道, 百事通, 咪咕直播, 电影频道, 电视剧频道, 埋堆堆频道, 点播电影, 北京频道, 地方频道, 春晚频道, 国际频道
2025-05-02 10:00:14,984 - INFO - url: https://gh.tryxd.cn/https://raw.githubusercontent.com/Guovin/iptv-api/gd/output/result.m3u 获取成功，判断为m3u格式
2025-05-02 10:00:14,986 - INFO - url: https://gh.tryxd.cn/https://raw.githubusercontent.com/Guovin/iptv-api/gd/output/result.m3u 爬取成功✅，包含频道分类: 🕘️更新时间, 📺央视频道, 💰央视付费频道, 📡卫视频道, ☘️广东频道, ☘️浙江频道, ☘️北京频道, ☘️上海频道, ☘️重庆频道, ☘️江苏频道, ☘️辽宁频道, ☘️湖南频道, ☘️湖北频道, ☘️广西频道, ☘️天津频道, ☘️四川频道, ☘️陕西频道, ☘️福建频道, ☘️海南频道, ☘️河南频道, ☘️河北频道, ☘️贵州频道, ☘️甘肃频道, ☘️新疆频道, ☘️山东频道, ☘️山西频道, ☘️安徽频道, ☘️吉林频道, ☘️内蒙古频道, ☘️云南频道, ☘️青海频道, ☘️黑龙江频道, 🌊港·澳·台, 🎬电影频道, 🎥咪咕直播, 🏀体育频道, 🪁动画频道, 🎮游戏频道, 🎵音乐频道
2025-05-02 10:00:17,182 - INFO - url: https://gh.tryxd.cn/https://raw.githubusercontent.com/yuanzl77/IPTV/main/live.m3u 获取成功，判断为m3u格式
2025-05-02 10:00:17,208 - INFO - url: https://gh.tryxd.cn/https://raw.githubusercontent.com/yuanzl77/IPTV/main/live.m3u 爬取成功✅，包含频道分类: 公告, 央视频道, 广东频道, 卫视频道, 港·澳·台, 少儿频道, 影视频道
2025-05-02 10:00:18,001 - INFO - url: https://gh.tryxd.cn/https://raw.githubusercontent.com/YanG-1989/m3u/main/Gather.m3u 获取成功，判断为m3u格式
2025-05-02 10:00:18,002 - INFO - url: https://gh.tryxd.cn/https://raw.githubusercontent.com/YanG-1989/m3u/main/Gather.m3u 爬取成功✅，包含频道分类: •温馨「提示」, •咪咕「IPV4」, •游戏「赛事」, •影视「轮播」
2025-05-02 10:00:18,828 - INFO - url: https://gh.tryxd.cn/https://raw.githubusercontent.com/YueChan/Live/refs/heads/main/APTV.m3u 获取成功，判断为m3u格式
2025-05-02 10:00:18,828 - INFO - url: https://gh.tryxd.cn/https://raw.githubusercontent.com/YueChan/Live/refs/heads/main/APTV.m3u 爬取成功✅，包含频道分类: 央视频道, 卫视频道, 地方频道
2025-05-02 10:00:19,638 - INFO - url: https://gh.tryxd.cn/https://raw.githubusercontent.com/Kimentanm/aptv/master/m3u/iptv.m3u 获取成功，判断为m3u格式
2025-05-02 10:00:19,638 - INFO - url: https://gh.tryxd.cn/https://raw.githubusercontent.com/Kimentanm/aptv/master/m3u/iptv.m3u 爬取成功✅，包含频道分类: 央视IPV4, 卫视IPV4, 历年春晚
2025-05-02 10:00:19,956 - ERROR - url: http://xhztv.top/new.txt 爬取失败❌, Error: 404 Client Error: Not Found for url: http://xhztv.top/new.txt
2025-05-02 10:00:21,279 - INFO - url: https://gh.tryxd.cn/https://raw.githubusercontent.com/Guovin/TV/gd/output/result.txt 获取成功，判断为txt格式
2025-05-02 10:00:21,282 - INFO - url: https://gh.tryxd.cn/https://raw.githubusercontent.com/Guovin/TV/gd/output/result.txt 爬取成功✅，包含频道分类: 🕘️更新时间, 📺央视频道, 💰央视付费频道, 📡卫视频道, ☘️广东频道, ☘️浙江频道, ☘️北京频道, ☘️上海频道, ☘️重庆频道, ☘️江苏频道, ☘️辽宁频道, ☘️湖南频道, ☘️湖北频道, ☘️广西频道, ☘️天津频道, ☘️四川频道, ☘️陕西频道, ☘️福建频道, ☘️海南频道, ☘️河南频道, ☘️河北频道, ☘️贵州频道, ☘️甘肃频道, ☘️新疆频道, ☘️山东频道, ☘️山西频道, ☘️安徽频道, ☘️吉林频道, ☘️内蒙古频道, ☘️云南频道, ☘️青海频道, ☘️黑龙江频道, 🌊港·澳·台, 🎬电影频道, 🎥咪咕直播, 🏀体育频道, 🪁动画频道, 🎮游戏频道, 🎵音乐频道
2025-05-02 10:00:22,295 - INFO - url: http://home.jundie.top:81/Cat/tv/live.txt 获取成功，判断为txt格式
2025-05-02 10:00:22,298 - INFO - url: http://home.jundie.top:81/Cat/tv/live.txt 爬取成功✅，包含频道分类: 📺央视频道, 💰央视付费频道, 📡卫视频道, ☘️广东频道, ☘️浙江频道, ☘️北京频道, ☘️上海频道, ☘️重庆频道, ☘️江苏频道, ☘️辽宁频道, ☘️湖南频道, ☘️湖北频道, ☘️广西频道, ☘️天津频道, ☘️四川频道, ☘️陕西频道, ☘️福建频道, ☘️河南频道, ☘️河北频道, ☘️贵州频道, ☘️甘肃频道, ☘️新疆频道, ☘️山东频道, ☘️山西频道, ☘️安徽频道, ☘️宁夏频道, ☘️吉林频道, ☘️云南频道, ☘️青海频道, ☘️黑龙江频道, 🌊港·澳·台, 🎬电影频道, 🎥咪咕直播, 🏀体育频道, 🪁动画频道, 🎮游戏频道, 🎵音乐频道, 🏛经典剧场, 埋堆堆
2025-05-02 10:00:24,035 - INFO - url: https://gh.tryxd.cn/https://raw.githubusercontent.com/vbskycn/iptv/master/tv/hd.txt 获取成功，判断为txt格式
2025-05-02 10:00:24,042 - INFO - url: https://gh.tryxd.cn/https://raw.githubusercontent.com/vbskycn/iptv/master/tv/hd.txt 爬取成功✅，包含频道分类: 央视频道jyd, 港澳台jyd, 卫视频道jyd, 江西本地jyd, 儿童频道jyd, 电影频道jyd, 其他频道jyd, 央视频道jdx, 江西本地jdx, 卫视频道jdx, 电影频道jdx, 体育频道jdx, 儿童频道jdx, 特色频道jdx, 其他频道jdx, 央视频道ip6, 卫视频道ip6, 电影频道ip6, 地方频道ip6, 体育频道ip6, 其他频道ip6, 更新时间ip6, 央视频道ip4, 卫视频道ip4, 电影频道ip4, 数字频道ip4, 儿童频道ip4, 地方频道ip4, 综艺频道ip4, 纪录频道ip4, 体育频道ip4, 解说频道ip4, 游戏频道ip4, 音乐频道ip4, 戏曲频道ip4, 春晚频道ip4, 直播中国ip4, 更新时间ip4
2025-05-02 10:00:24,386 - INFO - url: https://live.fanmingming.cn/tv/m3u/ipv6.m3u 获取成功，判断为m3u格式
2025-05-02 10:00:24,387 - INFO - url: https://live.fanmingming.cn/tv/m3u/ipv6.m3u 爬取成功✅，包含频道分类: 央视频道, 卫视频道, 浙江频道, 内蒙频道
2025-05-02 10:00:25,603 - INFO - url: https://live.zhoujie218.top/tv/iptv6.txt 获取成功，判断为txt格式
2025-05-02 10:00:25,603 - INFO - url: https://live.zhoujie218.top/tv/iptv6.txt 爬取成功✅，包含频道分类: 央视频道, 卫视频道, 电影频道, 地方频道, 体育频道, 其他频道, 更新时间
2025-05-02 10:00:25,639 - INFO - url: https://cdn.jsdelivr.net/gh/YueChan/live@main/IPTV.m3u 获取成功，判断为m3u格式
2025-05-02 10:00:25,640 - INFO - url: https://cdn.jsdelivr.net/gh/YueChan/live@main/IPTV.m3u 爬取成功✅，包含频道分类: 央视, 卫视, 地方, 数字
2025-05-02 10:00:27,010 - INFO - url: https://gh.tryxd.cn/https://raw.githubusercontent.com/cymz6/AutoIPTV-Hotel/main/lives.txt 获取成功，判断为txt格式
2025-05-02 10:00:27,011 - INFO - url: https://gh.tryxd.cn/https://raw.githubusercontent.com/cymz6/AutoIPTV-Hotel/main/lives.txt 爬取成功✅，包含频道分类: 央视频道, 卫视频道, 其他频道
2025-05-02 10:00:28,066 - ERROR - url: https://gh.tryxd.cn/https://raw.githubusercontent.com/PizazzGY/TVBox_warehouse/main/live.txt 爬取失败❌, Error: 429 Client Error: TOO MANY REQUESTS for url: https://gh.tryxd.cn/https://raw.githubusercontent.com/PizazzGY/TVBox_warehouse/main/live.txt
2025-05-02 10:00:28,939 - INFO - url: https://fm1077.serv00.net/SmartTV.m3u 获取成功，判断为m3u格式
2025-05-02 10:00:28,940 - INFO - url: https://fm1077.serv00.net/SmartTV.m3u 爬取成功✅，包含频道分类: 臺灣 Taiwan, 馬來西亞 Malaysia, 新加坡 Singapore, 印尼 Indonesia, 香港 Hongkong, 中國 China, 體育 Sports, 印度 Indian, 電影 Movie, 紀錄 Documentary, 新聞 News, 兒童 Kids, 泰國 Thailand, 英國 United Kingdom, 越南 Vietnam, 韓國 Korea, 日本 Japan
2025-05-02 10:00:29,746 - INFO - url: https://gh.tryxd.cn/https://raw.githubusercontent.com/joevess/IPTV/main/home.m3u8 获取成功，判断为txt格式
2025-05-02 10:02:44,934 - ERROR - url: https://tv.youdu.fan:666/live/ 爬取失败❌, Error: HTTPSConnectionPool(host='tv.youdu.fan', port=666): Max retries exceeded with url: /live/ (Caused by ConnectTimeoutError(<urllib3.connection.HTTPSConnection object at 0x7f290c7783a0>, 'Connection to tv.youdu.fan timed out. (connect timeout=None)'))
2025-05-02 10:02:45,260 - INFO - url: https://m3u.ibert.me/txt/o_cn.txt 获取成功，判断为txt格式
2025-05-02 10:02:45,260 - INFO - url: https://m3u.ibert.me/txt/o_cn.txt 爬取成功✅，包含频道分类: Religious, Undefined, Animation;Kids, News, Business, Kids, Education;Science, General, Music, Education, Documentary, Sports, Lifestyle, Movies, Entertainment, Comedy, Culture, Kids;Lifestyle, Culture;Education, Outdoor, General;News, Shop, Weather, Family, Science, Legislative
2025-05-02 10:02:45,349 - INFO - url: https://m3u.ibert.me/txt/j_iptv.txt 获取成功，判断为txt格式
2025-05-02 10:02:46,157 - INFO - url: https://gh.tryxd.cn/https://raw.githubusercontent.com/xzw832/cmys/main/S_CCTV.txt 获取成功，判断为txt格式
2025-05-02 10:02:46,950 - INFO - url: https://gh.tryxd.cn/https://raw.githubusercontent.com/xzw832/cmys/main/S_weishi.txt 获取成功，判断为txt格式
2025-05-02 10:02:48,054 - INFO - url: https://gh.tryxd.cn/https://raw.githubusercontent.com/BurningC4/Chinese-IPTV/master/TV-IPV4.m3u 获取成功，判断为m3u格式
2025-05-02 10:02:49,167 - INFO - url: https://gh.tryxd.cn/https://raw.githubusercontent.com/joevess/IPTV/main/m3u/iptv.m3u 获取成功，判断为txt格式
2025-05-02 10:02:50,627 - INFO - url: https://gh.tryxd.cn/https://raw.githubusercontent.com/Ftindy/IPTV-URL/main/IPV6.m3u 获取成功，判断为m3u格式
2025-05-02 10:02:50,628 - INFO - url: https://gh.tryxd.cn/https://raw.githubusercontent.com/Ftindy/IPTV-URL/main/IPV6.m3u 爬取成功✅，包含频道分类: 4K频道
2025-05-02 10:02:51,426 - INFO - url: https://gh.tryxd.cn/https://raw.githubusercontent.com/YanG-1989/m3u/main/Gather.m3u 获取成功，判断为m3u格式
2025-05-02 10:02:51,426 - INFO - url: https://gh.tryxd.cn/https://raw.githubusercontent.com/YanG-1989/m3u/main/Gather.m3u 爬取成功✅，包含频道分类: •温馨「提示」, •咪咕「IPV4」, •游戏「赛事」, •影视「轮播」
2025-05-02 10:02:52,146 - INFO - url: https://iptv.b2og.com/txt/fmml_ipv6.txt 获取成功，判断为txt格式
2025-05-02 10:02:52,147 - INFO - url: https://iptv.b2og.com/txt/fmml_ipv6.txt 爬取成功✅，包含频道分类: 央视频道, 卫视频道, 浙江频道, 内蒙频道
2025-05-02 10:02:52,275 - ERROR - url: http://xhztv.top/zbc.txt 爬取失败❌, Error: 404 Client Error: Not Found for url: http://xhztv.top/zbc.txt
2025-05-02 10:02:53,778 - INFO - url: https://gh.tryxd.cn/https://raw.githubusercontent.com/kimwang1978/collect-tv-txt/main/merged_output_simple.txt 获取成功，判断为txt格式
2025-05-02 10:02:53,787 - INFO - url: https://gh.tryxd.cn/https://raw.githubusercontent.com/kimwang1978/collect-tv-txt/main/merged_output_simple.txt 爬取成功✅，包含频道分类: 更新时间, 💓专享源🅰️, 💓专享源🅱️, 💓专享央视, 💓专享卫视, 💓港澳台📶, 💓AKTV🚀📶, 💓台湾台📶, 💓电视剧🔁, 💓优质个源, 💓儿童专享, 💓咪咕直播, 🏀SPORTS⚽️, 🍹定制台☕️, 🍹定制P3P☕️, 💓英语频道, 💓4K(Test), ☘️湖南频道, ☘️湖北频道, ☘️广东频道, ☘️浙江频道, ☘️山东频道, 上海频道, 体育频道
2025-05-02 10:02:54,913 - INFO - url: https://gh.tryxd.cn/https://raw.githubusercontent.com/SPX372928/MyIPTV/master/黑龙江PLTV移动CDN版.txt 获取成功，判断为txt格式
2025-05-02 10:02:56,807 - INFO - url: https://gh.tryxd.cn/https://raw.githubusercontent.com/qingwen07/awesome-iptv/main/tvbox_live_all.txt 获取成功，判断为txt格式
2025-05-02 10:02:56,828 - INFO - url: https://gh.tryxd.cn/https://raw.githubusercontent.com/qingwen07/awesome-iptv/main/tvbox_live_all.txt 爬取成功✅，包含频道分类: 央视, 新闻, 卫视台, 地方台, 港澳台, 埋堆堆, 影视, 体育, 音乐, 小品, 咪咕, 斗鱼, 少儿, 国外, IPV6, 
2025-05-02 10:02:57,904 - ERROR - url: https://gh.tryxd.cn/https://raw.githubusercontent.com/kimwang1978/collect-tv-txt/main/merged_output.m3u 爬取失败❌, Error: 429 Client Error: TOO MANY REQUESTS for url: https://gh.tryxd.cn/https://raw.githubusercontent.com/kimwang1978/collect-tv-txt/main/merged_output.m3u
2025-05-02 10:02:59,070 - INFO - url: https://live.zhoujie218.top/tv/iptv4.txt 获取成功，判断为txt格式
2025-05-02 10:02:59,075 - INFO - url: https://live.zhoujie218.top/tv/iptv4.txt 爬取成功✅，包含频道分类: 央视频道, 卫视频道, 电影频道, 数字频道, 儿童频道, 地方频道, 综艺频道, 纪录频道, 体育频道, 解说频道, 游戏频道, 音乐频道, 戏曲频道, 春晚频道, 直播中国, 更新时间
